DTB_BASE: 08200000
start finding cpio0000000100000003compatible
00000003model
00000003#address-cells
00000003#size-cells
00000003interrupt-parent
0000000100000003reg
00000003device_type
000000020000000100000003serial0
00000003serial1
00000003audio
00000003aux
00000003sound
00000003soc
00000003dma
00000003intc
00000003watchdog
00000003random
00000003mailbox
00000003gpio
00000003uart0
00000003uart1
00000003sdhost
00000003mmc
00000003mmc1
00000003mmc0
00000003i2s
00000003i2c0
00000003i2c1
00000003i2c10
00000003spi0
00000003spi1
00000003spi2
00000003usb
00000003leds
00000003fb
00000003thermal
00000003axiperf
00000003i2c2
00000003ethernet0
000000020000000100000003linux,initrd-end
00000003linux,initrd-start
b00000003bootargs
000000020000000100000003#address-cells
00000003#size-cells
00000003ranges
00000003phandle
0000000100000003compatible
00000003size
00000003reusable
00000003linux,cma-default
00000003phandle
0000000200000002000000010000000100000003polling-delay-passive
00000003polling-delay
00000003thermal-sensors
00000003coefficients
00000003phandle
000000010000000200000002000000020000000100000003compatible
00000003#address-cells
00000003#size-cells
00000003ranges
00000003dma-ranges
00000003phandle
0000000100000003compatible
00000003reg
00000003interrupts
00000003status
00000003phandle
000000020000000100000003compatible
00000003#clock-cells
00000003reg
00000003clocks
00000003firmware
00000003phandle
000000020000000100000003compatible
00000003reg
00000003interrupts
00000003#mbox-cells
00000003phandle
000000020000000100000003compatible
00000003reg
00000003interrupts
00000003gpio-controller
00000003#gpio-cells
00000003interrupt-controller
00000003#interrupt-cells
00000003gpio-ranges
00000003pinctrl-names
00000003gpio-line-names
00000003phandle
0000000100000003brcm,pins
00000003brcm,function
00000003phandle
000000020000000100000003brcm,pins
00000003brcm,function
00000003phandle
000000020000000100000003brcm,pins
00000003brcm,function
00000003brcm,pull
00000003phandle
000000020000000100000003brcm,pins
00000003brcm,function
00000003phandle
000000020000000100000003brcm,pins
00000003brcm,function
00000003phandle
000000020000000100000003brcm,pins
00000003brcm,function
00000003phandle
000000020000000100000003brcm,pins
00000003brcm,function
00000003phandle
000000020000000100000003brcm,pins
00000003brcm,function
00000003phandle
000000020000000100000003brcm,pins
00000003brcm,function
00000003phandle
000000020000000100000003brcm,pins
00000003brcm,function
00000003brcm,pull
00000003phandle
000000020000000100000003brcm,pins
00000003brcm,function
00000003phandle
000000020000000100000003brcm,pins
00000003brcm,function
00000003phandle
000000020000000100000003brcm,pins
00000003brcm,function
00000003phandle
000000020000000100000003brcm,pins
00000003brcm,function
00000003phandle
000000020000000100000003brcm,pins
00000003brcm,function
00000003phandle
000000020000000100000003brcm,pins
00000003brcm,function
00000003phandle
000000020000000100000003brcm,pins
00000003brcm,function
00000003phandle
000000020000000100000003brcm,pins
00000003brcm,function
00000003phandle
000000020000000100000003brcm,pins
00000003brcm,function
00000003phandle
000000020000000100000003brcm,pins
00000003brcm,function
00000003phandle
000000020000000100000003brcm,pins
00000003brcm,function
00000003phandle
000000020000000100000003brcm,pins
00000003brcm,function
00000003phandle
000000020000000100000003brcm,pins
00000003brcm,function
00000003phandle
000000020000000100000003brcm,pins
00000003brcm,function
00000003phandle
000000020000000100000003brcm,pins
00000003brcm,function
00000003phandle
000000020000000100000003brcm,pins
00000003brcm,function
00000003brcm,pull
00000003phandle
000000020000000100000003brcm,pins
00000003brcm,function
00000003brcm,pull
00000003phandle
000000020000000100000003brcm,pins
00000003brcm,function
00000003phandle
000000020000000100000003brcm,pins
00000003brcm,function
00000003phandle
000000020000000100000003brcm,pins
00000003brcm,function
00000003phandle
000000020000000100000003brcm,pins
00000003brcm,function
00000003phandle
000000020000000100000003brcm,pins
00000003brcm,function
00000003phandle
000000020000000100000003brcm,pins
00000003brcm,function
00000003phandle
000000020000000100000003brcm,pins
00000003brcm,function
00000003phandle
000000020000000100000003brcm,pins
00000003brcm,function
00000003phandle
000000020000000100000003brcm,pins
00000003brcm,function
00000003phandle
000000020000000100000003brcm,pins
00000003brcm,function
00000003phandle
000000020000000100000003brcm,pins
00000003brcm,function
00000003phandle
000000020000000100000003brcm,pins
00000003brcm,function
00000003phandle
000000020000000100000003brcm,pins
00000003brcm,function
00000003phandle
000000020000000100000003brcm,pins
00000003brcm,function
00000003phandle
000000020000000100000003brcm,pins
00000003brcm,function
00000003phandle
000000020000000100000003brcm,pins
00000003brcm,function
00000003phandle
000000020000000100000003brcm,pins
00000003brcm,function
00000003phandle
000000020000000100000003brcm,pins
00000003brcm,function
00000003brcm,pull
00000003phandle
000000020000000100000003brcm,pins
00000003brcm,function
00000003phandle
000000020000000100000003brcm,pins
00000003brcm,function
00000003phandle
000000020000000100000003brcm,pins
00000003brcm,function
00000003phandle
000000020000000100000003brcm,pins
00000003brcm,function
00000003phandle
000000020000000100000003brcm,pins
00000003brcm,function
00000003phandle
000000020000000100000003brcm,pins
00000003brcm,function
00000003phandle
000000020000000100000003brcm,pins
00000003brcm,function
00000003phandle
000000020000000100000003brcm,pins
00000003brcm,function
00000003phandle
000000020000000100000003brcm,pins
00000003brcm,function
00000003phandle
000000020000000100000003brcm,pins
00000003brcm,function
00000003phandle
000000020000000100000003brcm,pins
00000003brcm,function
00000003phandle
000000020000000100000003brcm,pins
00000003brcm,function
00000003phandle
000000020000000100000003brcm,pins
00000003brcm,function
00000003phandle
000000020000000100000003brcm,pins
00000003brcm,function
00000003phandle
000000020000000100000003brcm,pins
00000003brcm,function
00000003brcm,pull
00000003phandle
000000020000000100000003brcm,pins
00000003brcm,function
00000003brcm,pull
00000003phandle
000000020000000100000003brcm,pins
00000003brcm,function
00000003brcm,pull
00000003phandle
000000020000000100000003brcm,pins
00000003brcm,function
00000003brcm,pull
00000003phandle
000000020000000100000003brcm,pins
00000003brcm,function
00000003phandle
00000002000000020000000100000003compatible
00000003reg
00000003interrupts
00000003clocks
00000003clock-names
00000003arm,primecell-periphid
00000003cts-event-workaround
00000003skip-init
00000003pinctrl-names
00000003pinctrl-0
00000003status
00000003phandle
0000000100000003compatible
00000003max-speed
00000003shutdown-gpios
00000003status
00000003phandle
00000002000000020000000100000003compatible
00000003reg
00000003interrupts
00000003clocks
00000003status
00000003dmas
00000003dma-names
00000003bus-width
00000003brcm,overclock-50
00000003brcm,pio-limit
00000003firmware
00000003pinctrl-names
00000003pinctrl-0
00000003phandle
000000020000000100000003compatible
00000003reg
00000003clocks
00000003status
00000003dmas
00000003dma-names
00000003#sound-dai-cells
00000003pinctrl-names
00000003pinctrl-0
00000003phandle
000000020000000100000003compatible
00000003reg
00000003interrupts
00000003clocks
00000003#address-cells
00000003#size-cells
00000003status
00000003dmas
00000003dma-names
00000003pinctrl-names
00000003pinctrl-0
00000003cs-gpios
00000003phandle
0000000100000003compatible
00000003reg
00000003#address-cells
00000003#size-cells
00000003spi-max-frequency
00000003phandle
000000020000000100000003compatible
00000003reg
00000003#address-cells
00000003#size-cells
00000003spi-max-frequency
00000003phandle
00000002000000020000000100000003compatible
00000003reg
00000003interrupts
00000003clocks
00000003#address-cells
00000003#size-cells
00000003status
00000003clock-frequency
00000003phandle
000000020000000100000003compatible
00000003#address-cells
00000003#size-cells
00000003i2c-parent
00000003pinctrl-names
00000003status
00000003pinctrl-0
00000003pinctrl-1
00000003phandle
0000000100000003reg
00000003#address-cells
00000003#size-cells
00000003phandle
000000020000000100000003reg
00000003#address-cells
00000003#size-cells
00000003phandle
00000002000000020000000100000003compatible
00000003reg
00000003clocks
00000003clock-names
00000003#address-cells
00000003#size-cells
00000003status
00000003phandle
000000020000000100000003compatible
00000003reg
00000003interrupts
00000003#address-cells
00000003#size-cells
00000003#clock-cells
00000003clocks
00000003clock-names
00000003clock-output-names
00000003status
00000003power-domains
00000003phandle
000000020000000100000003compatible
00000003#clock-cells
00000003reg
00000003clocks
00000003phandle
000000020000000100000003compatible
00000003reg
00000003interrupts
00000003clocks
00000003status
00000003skip-init
00000003pinctrl-names
00000003pinctrl-0
00000003phandle
0000000100000003compatible
00000003max-speed
00000003shutdown-gpios
00000003status
00000003phandle
00000002000000020000000100000003compatible
00000003reg
00000003interrupts
00000003clocks
00000003#address-cells
00000003#size-cells
00000003status
00000003phandle
000000020000000100000003compatible
00000003reg
00000003interrupts
00000003clocks
00000003#address-cells
00000003#size-cells
00000003status
00000003phandle
000000020000000100000003compatible
00000003reg
00000003clocks
00000003assigned-clocks
00000003assigned-clock-rates
00000003#pwm-cells
00000003status
00000003phandle
000000020000000100000003compatible
00000003reg
00000003interrupts
00000003clocks
00000003status
00000003dmas
00000003dma-names
00000003brcm,overclock-50
00000003pinctrl-names
00000003pinctrl-0
00000003bus-width
00000003phandle
000000020000000100000003compatible
00000003reg
00000003interrupts
00000003status
00000003phandle
000000020000000100000003compatible
00000003reg
00000003interrupts
00000003#address-cells
00000003#size-cells
00000003#clock-cells
00000003clocks
00000003clock-names
00000003clock-output-names
00000003status
00000003power-domains
00000003phandle
000000020000000100000003compatible
00000003reg
00000003interrupts
00000003clocks
00000003#address-cells
00000003#size-cells
00000003status
00000003pinctrl-names
00000003pinctrl-0
00000003clock-frequency
00000003phandle
000000020000000100000003compatible
00000003reg
00000003interrupts
00000003#address-cells
00000003#size-cells
00000003clocks
00000003clock-names
00000003phys
00000003phy-names
00000003interrupt-names
00000003power-domains
00000003phandle
0000000100000003compatible
00000003reg
00000003#address-cells
00000003#size-cells
0000000100000003compatible
00000003reg
00000003#address-cells
00000003#size-cells
0000000100000003compatible
00000003reg
00000003phandle
0000000100000003#address-cells
00000003#size-cells
0000000100000003reg
00000003microchip,led-modes
00000003microchip,eee-enabled
00000003microchip,tx-lpi-timer
00000003microchip,downshift-after
00000003phandle
0000000200000002000000020000000200000002000000020000000100000003compatible
00000003reg
00000003interrupts
00000003interrupt-names
00000003#dma-cells
00000003brcm,dma-channel-mask
00000003phandle
000000020000000100000003compatible
00000003reg
00000003interrupt-controller
00000003#interrupt-cells
00000003interrupt-parent
00000003interrupts
00000003phandle
000000020000000100000003compatible
00000003#power-domain-cells
00000003#reset-cells
00000003reg
00000003clocks
00000003clock-names
00000003system-power-controller
00000003phandle
000000020000000100000003compatible
00000003reg
00000003interrupts
00000003phandle
000000020000000100000003compatible
00000003reg
00000003interrupts
00000003status
00000003phandle
000000020000000100000003compatible
00000003reg
00000003interrupts
00000003status
00000003phandle
000000020000000100000003compatible
00000003reg
00000003clocks
00000003#thermal-sensor-cells
00000003status
00000003phandle
000000020000000100000003compatible
00000003reg
00000003interrupts
00000003clocks
00000003#address-cells
00000003#size-cells
00000003status
00000003clock-frequency
00000003phandle
000000020000000100000003compatible
00000003reg
00000003clocks
00000003interrupts
00000003status
00000003power-domains
00000003phandle
000000020000000100000003compatible
00000003reg
00000003interrupts
00000003status
00000003phandle
000000020000000100000003compatible
00000003reg
00000003reg-names
00000003interrupts
00000003ddc
00000003clocks
00000003clock-names
00000003dmas
00000003dma-names
00000003status
00000003power-domains
00000003hpd-gpios
00000003phandle
000000020000000100000003compatible
00000003reg
00000003interrupts
00000003power-domains
00000003status
00000003phandle
000000020000000100000003compatible
00000003status
00000003raspberrypi,firmware
00000003phandle
000000020000000100000003compatible
00000003reg
00000003interrupt-controller
00000003#interrupt-cells
00000003interrupt-parent
00000003phandle
000000020000000100000003compatible
00000003reg
00000003interrupts
00000003clocks
00000003dmas
00000003dma-names
00000003brcm,overclock-50
00000003non-removable
00000003status
00000003pinctrl-names
00000003pinctrl-0
00000003bus-width
00000003#address-cells
00000003#size-cells
00000003phandle
0000000100000003reg
00000003compatible
00000003phandle
00000002000000020000000100000003compatible
00000003reg
00000003interrupts
00000003brcm,firmware
00000003status
00000003phandle
000000020000000100000003compatible
00000003reg
00000003interrupts
00000003clocks
00000003assigned-clocks
00000003assigned-clock-rates
00000003dmas
00000003dma-names
00000003status
00000003phandle
000000020000000100000003compatible
00000003reg
00000003interrupts
00000003clocks
00000003clock-names
00000003power-domains
00000003#address-cells
00000003#size-cells
00000003#clock-cells
00000003status
00000003phandle
000000020000000100000003compatible
00000003reg
00000003interrupts
00000003clocks
00000003clock-names
00000003power-domains
00000003#address-cells
00000003#size-cells
00000003#clock-cells
00000003status
00000003brcm,num-data-lanes
00000003phandle
000000020000000100000003compatible
00000003reg
00000003firmware
00000003status
00000003phandle
000000020000000100000003compatible
00000003#address-cells
00000003#size-cells
00000003mboxes
00000003dma-ranges
00000003phandle
0000000100000003compatible
00000003#clock-cells
00000003phandle
000000020000000100000003compatible
00000003phandle
000000020000000100000003compatible
00000003gpio-controller
00000003#gpio-cells
00000003gpio-line-names
00000003status
00000003phandle
00000002000000020000000100000003compatible
00000003firmware
00000003#power-domain-cells
00000003phandle
000000020000000100000003compatible
00000003reg
00000003interrupts
00000003phandle
0000000100000003compatible
00000003brcm,firmware
00000003brcm,pwm-channels
00000003status
00000003pinctrl-names
00000003pinctrl-0
00000003phandle
00000002000000020000000100000003compatible
00000003reg
000000020000000100000003compatible
00000003firmware
00000003status
00000003phandle
000000020000000100000003status
00000003phandle
0000000200000002000000010000000100000003compatible
00000003#clock-cells
00000003clock-output-names
00000003clock-frequency
00000003phandle
000000020000000100000003compatible
00000003#clock-cells
00000003clock-output-names
00000003clock-frequency
00000003phandle
00000002000000020000000100000003compatible
00000003#phy-cells
00000003phandle
000000020000000100000003compatible
00000003interrupt-parent
00000003interrupts
000000020000000100000003compatible
00000003interrupt-parent
00000003interrupts
00000003always-on
000000020000000100000003#address-cells
00000003#size-cells
00000003enable-method
00000003phandle
0000000100000003device_type
00000003compatible
00000003reg
00000003enable-method
00000003cpu-release-addr
00000003phandle
000000020000000100000003device_type
00000003compatible
00000003reg
00000003enable-method
00000003cpu-release-addr
00000003phandle
000000020000000100000003device_type
00000003compatible
00000003reg
00000003enable-method
00000003cpu-release-addr
00000003phandle
000000020000000100000003device_type
00000003compatible
00000003reg
00000003enable-method
00000003cpu-release-addr
00000003phandle
00000002000000020000000100000003compatible
00000003regulator-name
00000003enable-active-high
00000003status
00000003gpio
00000003phandle
000000020000000100000003compatible
00000003#clock-cells
00000003status
00000003phandle
000000020000000100000003compatible
00000003regulator-name
00000003enable-active-high
00000003status
00000003phandle
000000020000000100000003compatible
00000003#clock-cells
00000003status
00000003phandle
000000020000000100000003compatible
00000003regulator-name
00000003status
00000003phandle
000000020000000100000003cam0-pwdn-ctrl
00000003cam0-pwdn
00000003cam0-led-ctrl
00000003cam0-led
00000003arm_freq
00000003cache_line_size
00000003uart0
00000003uart1
00000003i2s
00000003spi
00000003i2c0
00000003i2c1
00000003i2c0_baudrate
00000003i2c1_baudrate
00000003audio
00000003watchdog
00000003random
00000003sd_overclock
00000003sd_force_pio
00000003sd_pio_limit
00000003sd_debug
00000003sdio_overclock
00000003axiperf
00000003i2c2_iknowwhatimdoing
00000003i2c2_baudrate
00000003sd_poll_once
00000003krnbt
00000003krnbt_baudrate
00000003act_led_gpio
00000003act_led_activelow
00000003act_led_trigger
00000003pwr_led_gpio
00000003pwr_led_activelow
00000003pwr_led_trigger
00000003eee
00000003tx_lpi_timer
00000003eth_led0
00000003eth_led1
00000003eth_downshift_after
00000003eth_max_speed
000000020000000100000003compatible
00000003phandle
0000000100000003label
00000003default-state
00000003linux,default-trigger
00000003gpios
00000003phandle
000000020000000100000003label
00000003linux,default-trigger
00000003gpios
00000003phandle
00000002000000020000000100000003compatible
00000003regulator-always-on
00000003regulator-max-microvolt
00000003regulator-min-microvolt
00000003regulator-name
00000003phandle
000000020000000100000003compatible
00000003regulator-always-on
00000003regulator-max-microvolt
00000003regulator-min-microvolt
00000003regulator-name
00000003phandle
000000020000000400000004000000040000000400000004000000040000000400000004000000040000000400000004000000040000000400000004000000040000000100000003rmem
00000003cma
00000003cpu_thermal
00000003soc
00000003txp
00000003clocks
00000003mailbox
00000003gpio
00000003dpi_gpio0
00000003emmc_gpio22
00000003emmc_gpio34
00000003emmc_gpio48
00000003gpclk0_gpio4
00000003gpclk1_gpio5
00000003gpclk1_gpio42
00000003gpclk1_gpio44
00000003gpclk2_gpio6
00000003gpclk2_gpio43
00000003i2c0_gpio0
00000003i2c0_gpio28
00000003i2c0_gpio44
00000003i2c1_gpio2
00000003i2c1_gpio44
00000003jtag_gpio22
00000003pcm_gpio18
00000003pcm_gpio28
00000003sdhost_gpio48
00000003spi0_gpio7
00000003spi0_gpio35
00000003spi1_gpio16
00000003spi2_gpio40
00000003uart0_gpio14
00000003uart0_ctsrts_gpio16
00000003uart0_ctsrts_gpio30
00000003uart0_gpio32
00000003uart0_gpio36
00000003uart0_ctsrts_gpio38
00000003uart1_gpio14
00000003uart1_ctsrts_gpio16
00000003uart1_gpio32
00000003uart1_ctsrts_gpio30
00000003uart1_gpio40
00000003uart1_ctsrts_gpio42
00000003i2c_slave_gpio18
00000003jtag_gpio4
00000003pwm0_gpio12
00000003pwm0_gpio18
00000003pwm0_gpio40
00000003pwm1_gpio13
00000003pwm1_gpio19
00000003pwm1_gpio41
00000003pwm1_gpio45
00000003dpi_18bit_cpadhi_gpio0
00000003dpi_18bit_cpadhi_gpio2
00000003dpi_18bit_gpio0
00000003dpi_18bit_gpio2
00000003dpi_16bit_gpio0
00000003dpi_16bit_gpio2
00000003dpi_16bit_cpadhi_gpio0
00000003dpi_16bit_cpadhi_gpio2
00000003gpioout
00000003alt0
00000003spi0_pins
00000003spi0_cs_pins
00000003i2c0_pins
00000003i2c1_pins
00000003i2s_pins
00000003sdio_pins
00000003bt_pins
00000003uart0_pins
00000003uart1_pins
00000003audio_pins
00000003uart0
00000003bt
00000003sdhost
00000003i2s
00000003spi0
00000003spi
00000003spidev0
00000003spidev1
00000003i2c0if
00000003i2c0mux
00000003i2c0
00000003i2c_csi_dsi
00000003dpi
00000003dsi0
00000003aux
00000003uart1
00000003minibt
00000003spi1
00000003spi2
00000003pwm
00000003mmc
00000003sdhci
00000003hvs
00000003dsi1
00000003i2c1
00000003usb
00000003ethernet
00000003eth_phy
00000003dma
00000003intc
00000003watchdog
00000003pm
00000003random
00000003pixelvalve0
00000003pixelvalve1
00000003thermal
00000003i2c2
00000003vec
00000003pixelvalve2
00000003hdmi
00000003v3d
00000003vc4
00000003local_intc
00000003mmcnr
00000003brcmf
00000003firmwarekms
00000003smi
00000003csi0
00000003csi1
00000003axiperf
00000003firmware
00000003firmware_clocks
00000003vcio
00000003expgpio
00000003power
00000003vchiq
00000003audio
00000003fb
00000003sound
00000003clk_osc
00000003clk_usb
00000003usbphy
00000003cpus
00000003cpu0
00000003cpu1
00000003cpu2
00000003cpu3
00000003cam1_reg
00000003cam1_clk
00000003cam0_regulator
00000003cam0_clk
00000003cam0_reg
00000003cam_dummy_reg
00000003leds
00000003act_led
00000003pwr_led
00000003vdd_3v3_reg
00000003vdd_5v0_reg
000000020000000200000009